Log started at 10/11/2024 17:14:00 (2024-10-11T23:14:00Z)
No config file at C:\Users\Mark_\OneDrive - Yorkville Education Company\Documents\Unreal Engine\UnrealBuildTool\BuildConfiguration.xml
Configuration will be read from:
  C:\Users\Mark_\AppData\Roaming\Unreal Engine\UnrealBuildTool\BuildConfiguration.xml
Log file: C:\Users\Mark_\Desktop\Crossbow-Lady\CrossbowLady\Saved\Logs\UnrealVersionSelector-2024.10.11-17.14.00.log

Setting temp directory to 'C:\Users\Mark_\AppData\Local\Temp\UnrealBuildTool\319625c3'
    Registering build platform: UnrealBuildTool.AndroidPlatformFactory
    Registering build platform: UnrealBuildTool.IOSPlatformFactory
    Registering build platform: UnrealBuildTool.LinuxPlatformFactory
    Registering build platform: UnrealBuildTool.MacPlatformFactory
    Registering build platform: UnrealBuildTool.TVOSPlatformFactory
    Registering build platform: UnrealBuildTool.WindowsPlatformFactory
Found Windows 10 SDK root at C:\Program Files (x86)\Windows Kits\10 (1)
Found Windows 10 SDK root at C:\Program Files (x86)\Windows Kits\10 (2)
Found Windows 10 SDK version 10.0.18362.0 at C:\Program Files (x86)\Windows Kits\10
Found Universal CRT version 10.0.18362.0 at C:\Program Files (x86)\Windows Kits\10
Found Windows 10 SDK version 10.0.22621.0 at C:\Program Files (x86)\Windows Kits\10
Found Universal CRT version 10.0.22621.0 at C:\Program Files (x86)\Windows Kits\10
Win64 Installed SDK(s): MinVersion_Sdk=10.0.00000.0, MaxVersion_Sdk=10.9.99999.0, CurrentVersion_Sdk=10.0.18362.0, Version_AutoSdk=10.0.18362.0, CurrentVersion_AutoSdk=
        Registering build platform: Win64 - buildable: True
Log file: C:\Users\Mark_\AppData\Local\UnrealBuildTool\Log_GPF.txt
Deleting old log file: C:\Users\Mark_\AppData\Local\UnrealBuildTool\Log_GPF-backup-2024.07.15-17.43.35.txt
Resolved project argument C:/Users/Mark_/Desktop/Crossbow-Lady/CrossbowLady/CrossbowLady.uproject to C:\Users\Mark_\Desktop\Crossbow-Lady\CrossbowLady\CrossbowLady.uproject
Registering project generator UnrealBuildTool.AndroidProjectGenerator for Android
Skipping project file generator registration for Android due to no valid BuildPlatform.
Registering project generator UnrealBuildTool.IOSProjectGenerator for IOS
Skipping project file generator registration for IOS due to no valid BuildPlatform.
Registering project generator UnrealBuildTool.LinuxProjectGenerator for Linux
Skipping project file generator registration for Linux due to no valid BuildPlatform.
Registering project generator UnrealBuildTool.LinuxProjectGenerator for LinuxArm64
Skipping project file generator registration for LinuxArm64 due to no valid BuildPlatform.
Registering project generator UnrealBuildTool.MacProjectGenerator for Mac
Skipping project file generator registration for Mac due to no valid BuildPlatform.
Registering project generator UnrealBuildTool.TVOSProjectGenerator for TVOS
Skipping project file generator registration for TVOS due to no valid BuildPlatform.
Registering project generator UnrealBuildTool.WindowsProjectGenerator for Win64

---   SDK INFO START   ---
---   SDK INFO END   ---


Generating VisualStudio project files:
Discovering modules, targets and source code for project...
Updating C:\Program Files\Epic Games\UE_5.3\Engine\Intermediate\ProjectFiles\PrimaryProjectPath.txt: contents have changed. Saving previous version to C:\Program Files\Epic Games\UE_5.3\Engine\Intermediate\ProjectFiles\PrimaryProjectPath.txt.old.
Unable to rename C:\Program Files\Epic Games\UE_5.3\Engine\Intermediate\ProjectFiles\PrimaryProjectPath.txt to C:\Program Files\Epic Games\UE_5.3\Engine\Intermediate\ProjectFiles\PrimaryProjectPath.txt.old
UnauthorizedAccessException: Access to the path 'C:\Program Files\Epic Games\UE_5.3\Engine\Intermediate\ProjectFiles\PrimaryProjectPath.txt.old' is denied.
   at System.IO.FileSystem.DeleteFile(String fullPath)
   at System.IO.File.Delete(String path)
   at EpicGames.Core.FileReference.Delete(FileReference location) in C:\Program Files\Epic Games\UE_5.3\Engine\Source\Programs\Shared\EpicGames.Core\FileReference.cs:line 336
   at UnrealBuildTool.Utils.WriteFileIfChanged(FileItem FileItem, String Contents, StringComparison Comparison, ILogger Logger) in C:\Program Files\Epic Games\UE_5.3\Engine\Source\Programs\UnrealBuildTool\System\Utils.cs:line 1760
Unhandled exception: System.UnauthorizedAccessException: Access to the path 'C:\Program Files\Epic Games\UE_5.3\Engine\Intermediate\ProjectFiles\PrimaryProjectPath.txt' is denied.
   at Microsoft.Win32.SafeHandles.SafeFileHandle.CreateFile(String fullPath, FileMode mode, FileAccess access, FileShare share, FileOptions options)
   at Microsoft.Win32.SafeHandles.SafeFileHandle.Open(String fullPath, FileMode mode, FileAccess access, FileShare share, FileOptions options, Int64 preallocationSize)
   at System.IO.Strategies.OSFileStreamStrategy..ctor(String path, FileMode mode, FileAccess access, FileShare share, FileOptions options, Int64 preallocationSize)
   at System.IO.Strategies.FileStreamHelpers.ChooseStrategyCore(String path, FileMode mode, FileAccess access, FileShare share, FileOptions options, Int64 preallocationSize)
   at System.IO.Strategies.FileStreamHelpers.ChooseStrategy(FileStream fileStream, String path, FileMode mode, FileAccess access, FileShare share, Int32 bufferSize, FileOptions options, Int64 preallocationSize)
   at System.IO.StreamWriter.ValidateArgsAndOpenPath(String path, Boolean append, Encoding encoding, Int32 bufferSize)
   at System.IO.File.WriteAllText(String path, String contents, Encoding encoding)
   at EpicGames.Core.FileReference.WriteAllText(FileReference location, String contents, Encoding encoding) in C:\Program Files\Epic Games\UE_5.3\Engine\Source\Programs\Shared\EpicGames.Core\FileReference.cs:line 781
   at UnrealBuildTool.Utils.WriteFileIfChanged(FileItem FileItem, String Contents, StringComparison Comparison, ILogger Logger) in C:\Program Files\Epic Games\UE_5.3\Engine\Source\Programs\UnrealBuildTool\System\Utils.cs:line 1768
   at UnrealBuildTool.ProjectFileGenerator.GenerateProjectFiles(PlatformProjectGeneratorCollection PlatformProjectGenerators, String[] Arguments, Boolean bCacheDataForEditor, ILogger Logger) in C:\Program Files\Epic Games\UE_5.3\Engine\Source\Programs\UnrealBuildTool\ProjectFiles\ProjectFileGenerator.cs:line 941
   at UnrealBuildTool.GenerateProjectFilesMode.ExecuteAsync(CommandLineArguments Arguments, ILogger Logger) in C:\Program Files\Epic Games\UE_5.3\Engine\Source\Programs\UnrealBuildTool\Modes\GenerateProjectFilesMode.cs:line 65
   at UnrealBuildTool.UnrealBuildTool.Main(String[] ArgumentsArray) in C:\Program Files\Epic Games\UE_5.3\Engine\Source\Programs\UnrealBuildTool\UnrealBuildTool.cs:line 659
Unhandled exception: UnauthorizedAccessException: Access to the path 'C:\Program Files\Epic Games\UE_5.3\Engine\Intermediate\ProjectFiles\PrimaryProjectPath.txt' is denied.
   at Microsoft.Win32.SafeHandles.SafeFileHandle.CreateFile(String fullPath, FileMode mode, FileAccess access, FileShare share, FileOptions options)
   at Microsoft.Win32.SafeHandles.SafeFileHandle.Open(String fullPath, FileMode mode, FileAccess access, FileShare share, FileOptions options, Int64 preallocationSize)
   at System.IO.Strategies.OSFileStreamStrategy..ctor(String path, FileMode mode, FileAccess access, FileShare share, FileOptions options, Int64 preallocationSize)
   at System.IO.Strategies.FileStreamHelpers.ChooseStrategyCore(String path, FileMode mode, FileAccess access, FileShare share, FileOptions options, Int64 preallocationSize)
   at System.IO.Strategies.FileStreamHelpers.ChooseStrategy(FileStream fileStream, String path, FileMode mode, FileAccess access, FileShare share, Int32 bufferSize, FileOptions options, Int64 preallocationSize)
   at System.IO.StreamWriter.ValidateArgsAndOpenPath(String path, Boolean append, Encoding encoding, Int32 bufferSize)
   at System.IO.File.WriteAllText(String path, String contents, Encoding encoding)
   at EpicGames.Core.FileReference.WriteAllText(FileReference location, String contents, Encoding encoding) in C:\Program Files\Epic Games\UE_5.3\Engine\Source\Programs\Shared\EpicGames.Core\FileReference.cs:line 781
   at UnrealBuildTool.Utils.WriteFileIfChanged(FileItem FileItem, String Contents, StringComparison Comparison, ILogger Logger) in C:\Program Files\Epic Games\UE_5.3\Engine\Source\Programs\UnrealBuildTool\System\Utils.cs:line 1768
   at UnrealBuildTool.ProjectFileGenerator.GenerateProjectFiles(PlatformProjectGeneratorCollection PlatformProjectGenerators, String[] Arguments, Boolean bCacheDataForEditor, ILogger Logger) in C:\Program Files\Epic Games\UE_5.3\Engine\Source\Programs\UnrealBuildTool\ProjectFiles\ProjectFileGenerator.cs:line 941
   at UnrealBuildTool.GenerateProjectFilesMode.ExecuteAsync(CommandLineArguments Arguments, ILogger Logger) in C:\Program Files\Epic Games\UE_5.3\Engine\Source\Programs\UnrealBuildTool\Modes\GenerateProjectFilesMode.cs:line 65
   at UnrealBuildTool.UnrealBuildTool.Main(String[] ArgumentsArray) in C:\Program Files\Epic Games\UE_5.3\Engine\Source\Programs\UnrealBuildTool\UnrealBuildTool.cs:line 659
WriteFileIfChanged() wrote 0 changed files of 1 requested writes.
Timeline:

[ 0.000]
[ 0.000](+0.486) <unknown>
[ 0.486]
